{"D:\\1-PROGRAMATION\\2temporarios\\allThings\\apiAllThings\\src\\services\\feedback\\submit-feedback-service.ts": {"path":"D:\\1-PROGRAMATION\\2temporarios\\allThings\\apiAllThings\\src\\services\\feedback\\submit-feedback-service.ts","all":false,"statementMap":{"0":{"start":{"line":1,"column":0},"end":{"line":1,"column":58}},"1":{"start":{"line":2,"column":0},"end":{"line":2,"column":78}},"2":{"start":{"line":3,"column":0},"end":{"line":3,"column":40}},"3":{"start":{"line":4,"column":0},"end":{"line":4,"column":17}},"4":{"start":{"line":5,"column":0},"end":{"line":5,"column":20}},"5":{"start":{"line":6,"column":0},"end":{"line":6,"column":23}},"6":{"start":{"line":7,"column":0},"end":{"line":7,"column":1}},"7":{"start":{"line":8,"column":0},"end":{"line":8,"column":0}},"8":{"start":{"line":9,"column":0},"end":{"line":9,"column":36}},"9":{"start":{"line":10,"column":0},"end":{"line":10,"column":16}},"10":{"start":{"line":11,"column":0},"end":{"line":11,"column":57}},"11":{"start":{"line":12,"column":0},"end":{"line":12,"column":40}},"12":{"start":{"line":13,"column":0},"end":{"line":13,"column":9}},"13":{"start":{"line":14,"column":0},"end":{"line":14,"column":0}},"14":{"start":{"line":15,"column":0},"end":{"line":15,"column":58}},"15":{"start":{"line":16,"column":0},"end":{"line":16,"column":54}},"16":{"start":{"line":17,"column":0},"end":{"line":17,"column":0}},"17":{"start":{"line":18,"column":0},"end":{"line":18,"column":19}},"18":{"start":{"line":19,"column":0},"end":{"line":19,"column":47}},"19":{"start":{"line":20,"column":0},"end":{"line":20,"column":9}},"20":{"start":{"line":21,"column":0},"end":{"line":21,"column":0}},"21":{"start":{"line":22,"column":0},"end":{"line":22,"column":22}},"22":{"start":{"line":23,"column":0},"end":{"line":23,"column":50}},"23":{"start":{"line":24,"column":0},"end":{"line":24,"column":9}},"24":{"start":{"line":25,"column":0},"end":{"line":25,"column":0}},"25":{"start":{"line":26,"column":0},"end":{"line":26,"column":75}},"26":{"start":{"line":27,"column":0},"end":{"line":27,"column":57}},"27":{"start":{"line":28,"column":0},"end":{"line":28,"column":9}},"28":{"start":{"line":29,"column":0},"end":{"line":29,"column":0}},"29":{"start":{"line":30,"column":0},"end":{"line":30,"column":47}},"30":{"start":{"line":31,"column":0},"end":{"line":31,"column":17}},"31":{"start":{"line":32,"column":0},"end":{"line":32,"column":20}},"32":{"start":{"line":33,"column":0},"end":{"line":33,"column":22}},"33":{"start":{"line":34,"column":0},"end":{"line":34,"column":10}},"34":{"start":{"line":35,"column":0},"end":{"line":35,"column":0}},"35":{"start":{"line":36,"column":0},"end":{"line":36,"column":41}},"36":{"start":{"line":37,"column":0},"end":{"line":37,"column":37}},"37":{"start":{"line":38,"column":0},"end":{"line":38,"column":19}},"38":{"start":{"line":39,"column":0},"end":{"line":39,"column":87}},"39":{"start":{"line":40,"column":0},"end":{"line":40,"column":51}},"40":{"start":{"line":41,"column":0},"end":{"line":41,"column":48}},"41":{"start":{"line":42,"column":0},"end":{"line":42,"column":25}},"42":{"start":{"line":43,"column":0},"end":{"line":43,"column":24}},"43":{"start":{"line":44,"column":0},"end":{"line":44,"column":10}},"44":{"start":{"line":45,"column":0},"end":{"line":45,"column":5}},"45":{"start":{"line":46,"column":0},"end":{"line":46,"column":1}}},"s":{"0":1,"1":1,"2":1,"3":1,"4":1,"5":1,"6":1,"7":1,"8":1,"9":1,"10":1,"11":1,"12":1,"13":1,"14":1,"15":4,"16":4,"17":4,"18":1,"19":1,"20":3,"21":4,"22":1,"23":1,"24":2,"25":4,"26":1,"27":1,"28":1,"29":1,"30":1,"31":1,"32":1,"33":1,"34":1,"35":1,"36":1,"37":1,"38":1,"39":1,"40":1,"41":1,"42":1,"43":1,"44":1,"45":1},"branchMap":{"0":{"type":"branch","line":15,"loc":{"start":{"line":15,"column":4},"end":{"line":45,"column":5}},"locations":[{"start":{"line":15,"column":4},"end":{"line":45,"column":5}}]},"1":{"type":"branch","line":18,"loc":{"start":{"line":18,"column":18},"end":{"line":20,"column":9}},"locations":[{"start":{"line":18,"column":18},"end":{"line":20,"column":9}}]},"2":{"type":"branch","line":21,"loc":{"start":{"line":21,"column":-2},"end":{"line":22,"column":21}},"locations":[{"start":{"line":21,"column":-2},"end":{"line":22,"column":21}}]},"3":{"type":"branch","line":22,"loc":{"start":{"line":22,"column":21},"end":{"line":24,"column":9}},"locations":[{"start":{"line":22,"column":21},"end":{"line":24,"column":9}}]},"4":{"type":"branch","line":25,"loc":{"start":{"line":25,"column":-2},"end":{"line":26,"column":73}},"locations":[{"start":{"line":25,"column":-2},"end":{"line":26,"column":73}}]},"5":{"type":"branch","line":26,"loc":{"start":{"line":26,"column":74},"end":{"line":45,"column":5}},"locations":[{"start":{"line":26,"column":74},"end":{"line":45,"column":5}}]},"6":{"type":"branch","line":10,"loc":{"start":{"line":10,"column":4},"end":{"line":13,"column":9}},"locations":[{"start":{"line":10,"column":4},"end":{"line":13,"column":9}}]}},"b":{"0":[4],"1":[1],"2":[3],"3":[1],"4":[2],"5":[1],"6":[1]},"fnMap":{"0":{"name":"execute","decl":{"start":{"line":15,"column":4},"end":{"line":45,"column":5}},"loc":{"start":{"line":15,"column":4},"end":{"line":45,"column":5}},"line":15},"1":{"name":"SubmitFeedbackService","decl":{"start":{"line":10,"column":4},"end":{"line":13,"column":9}},"loc":{"start":{"line":10,"column":4},"end":{"line":13,"column":9}},"line":10}},"f":{"0":4,"1":1}}
,"D:\\1-PROGRAMATION\\2temporarios\\allThings\\apiAllThings\\src\\services\\page\\submit-page-service.ts": {"path":"D:\\1-PROGRAMATION\\2temporarios\\allThings\\apiAllThings\\src\\services\\page\\submit-page-service.ts","all":false,"statementMap":{"0":{"start":{"line":1,"column":0},"end":{"line":1,"column":49}},"1":{"start":{"line":2,"column":0},"end":{"line":2,"column":36}},"2":{"start":{"line":3,"column":0},"end":{"line":3,"column":17}},"3":{"start":{"line":4,"column":0},"end":{"line":4,"column":22}},"4":{"start":{"line":5,"column":0},"end":{"line":5,"column":18}},"5":{"start":{"line":6,"column":0},"end":{"line":6,"column":1}},"6":{"start":{"line":7,"column":0},"end":{"line":7,"column":0}},"7":{"start":{"line":8,"column":0},"end":{"line":8,"column":32}},"8":{"start":{"line":9,"column":0},"end":{"line":9,"column":16}},"9":{"start":{"line":10,"column":0},"end":{"line":10,"column":39}},"10":{"start":{"line":11,"column":0},"end":{"line":11,"column":9}},"11":{"start":{"line":12,"column":0},"end":{"line":12,"column":0}},"12":{"start":{"line":13,"column":0},"end":{"line":13,"column":60}},"13":{"start":{"line":14,"column":0},"end":{"line":14,"column":52}},"14":{"start":{"line":15,"column":0},"end":{"line":15,"column":0}},"15":{"start":{"line":16,"column":0},"end":{"line":16,"column":20}},"16":{"start":{"line":17,"column":0},"end":{"line":17,"column":60}},"17":{"start":{"line":18,"column":0},"end":{"line":18,"column":9}},"18":{"start":{"line":19,"column":0},"end":{"line":19,"column":22}},"19":{"start":{"line":20,"column":0},"end":{"line":20,"column":62}},"20":{"start":{"line":21,"column":0},"end":{"line":21,"column":9}},"21":{"start":{"line":22,"column":0},"end":{"line":22,"column":25}},"22":{"start":{"line":23,"column":0},"end":{"line":23,"column":68}},"23":{"start":{"line":24,"column":0},"end":{"line":24,"column":9}},"24":{"start":{"line":25,"column":0},"end":{"line":25,"column":0}},"25":{"start":{"line":26,"column":0},"end":{"line":26,"column":43}},"26":{"start":{"line":27,"column":0},"end":{"line":27,"column":17}},"27":{"start":{"line":28,"column":0},"end":{"line":28,"column":19}},"28":{"start":{"line":29,"column":0},"end":{"line":29,"column":21}},"29":{"start":{"line":30,"column":0},"end":{"line":30,"column":10}},"30":{"start":{"line":31,"column":0},"end":{"line":31,"column":5}},"31":{"start":{"line":32,"column":0},"end":{"line":32,"column":0}},"32":{"start":{"line":33,"column":0},"end":{"line":33,"column":37}},"33":{"start":{"line":34,"column":0},"end":{"line":34,"column":8}},"34":{"start":{"line":35,"column":0},"end":{"line":35,"column":16}},"35":{"start":{"line":36,"column":0},"end":{"line":36,"column":65}},"36":{"start":{"line":37,"column":0},"end":{"line":37,"column":9}},"37":{"start":{"line":38,"column":0},"end":{"line":38,"column":0}},"38":{"start":{"line":39,"column":0},"end":{"line":39,"column":45}},"39":{"start":{"line":40,"column":0},"end":{"line":40,"column":5}},"40":{"start":{"line":41,"column":0},"end":{"line":41,"column":1}}},"s":{"0":1,"1":1,"2":1,"3":1,"4":1,"5":1,"6":1,"7":1,"8":1,"9":1,"10":1,"11":1,"12":1,"13":4,"14":4,"15":4,"16":1,"17":1,"18":4,"19":1,"20":1,"21":4,"22":1,"23":1,"24":1,"25":1,"26":1,"27":1,"28":1,"29":1,"30":1,"31":1,"32":1,"33":2,"34":2,"35":1,"36":1,"37":1,"38":1,"39":1,"40":1},"branchMap":{"0":{"type":"branch","line":13,"loc":{"start":{"line":13,"column":4},"end":{"line":31,"column":5}},"locations":[{"start":{"line":13,"column":4},"end":{"line":31,"column":5}}]},"1":{"type":"branch","line":16,"loc":{"start":{"line":16,"column":19},"end":{"line":18,"column":9}},"locations":[{"start":{"line":16,"column":19},"end":{"line":18,"column":9}}]},"2":{"type":"branch","line":19,"loc":{"start":{"line":19,"column":-2},"end":{"line":19,"column":21}},"locations":[{"start":{"line":19,"column":-2},"end":{"line":19,"column":21}}]},"3":{"type":"branch","line":19,"loc":{"start":{"line":19,"column":21},"end":{"line":21,"column":9}},"locations":[{"start":{"line":19,"column":21},"end":{"line":21,"column":9}}]},"4":{"type":"branch","line":22,"loc":{"start":{"line":22,"column":-2},"end":{"line":22,"column":24}},"locations":[{"start":{"line":22,"column":-2},"end":{"line":22,"column":24}}]},"5":{"type":"branch","line":22,"loc":{"start":{"line":22,"column":24},"end":{"line":31,"column":5}},"locations":[{"start":{"line":22,"column":24},"end":{"line":31,"column":5}}]},"6":{"type":"branch","line":33,"loc":{"start":{"line":33,"column":4},"end":{"line":40,"column":5}},"locations":[{"start":{"line":33,"column":4},"end":{"line":40,"column":5}}]},"7":{"type":"branch","line":35,"loc":{"start":{"line":35,"column":15},"end":{"line":40,"column":5}},"locations":[{"start":{"line":35,"column":15},"end":{"line":40,"column":5}}]},"8":{"type":"branch","line":9,"loc":{"start":{"line":9,"column":4},"end":{"line":11,"column":9}},"locations":[{"start":{"line":9,"column":4},"end":{"line":11,"column":9}}]}},"b":{"0":[4],"1":[1],"2":[3],"3":[1],"4":[2],"5":[1],"6":[2],"7":[1],"8":[1]},"fnMap":{"0":{"name":"executeCreate","decl":{"start":{"line":13,"column":4},"end":{"line":31,"column":5}},"loc":{"start":{"line":13,"column":4},"end":{"line":31,"column":5}},"line":13},"1":{"name":"executeDelete","decl":{"start":{"line":33,"column":4},"end":{"line":40,"column":5}},"loc":{"start":{"line":33,"column":4},"end":{"line":40,"column":5}},"line":33},"2":{"name":"SubmitPageService","decl":{"start":{"line":9,"column":4},"end":{"line":11,"column":9}},"loc":{"start":{"line":9,"column":4},"end":{"line":11,"column":9}},"line":9}},"f":{"0":4,"1":2,"2":1}}
,"D:\\1-PROGRAMATION\\2temporarios\\allThings\\apiAllThings\\src\\services\\user\\submit-user-service.ts": {"path":"D:\\1-PROGRAMATION\\2temporarios\\allThings\\apiAllThings\\src\\services\\user\\submit-user-service.ts","all":false,"statementMap":{"0":{"start":{"line":1,"column":0},"end":{"line":1,"column":69}},"1":{"start":{"line":2,"column":0},"end":{"line":2,"column":49}},"2":{"start":{"line":3,"column":0},"end":{"line":3,"column":36}},"3":{"start":{"line":4,"column":0},"end":{"line":4,"column":18}},"4":{"start":{"line":5,"column":0},"end":{"line":5,"column":17}},"5":{"start":{"line":6,"column":0},"end":{"line":6,"column":23}},"6":{"start":{"line":7,"column":0},"end":{"line":7,"column":24}},"7":{"start":{"line":8,"column":0},"end":{"line":8,"column":1}},"8":{"start":{"line":9,"column":0},"end":{"line":9,"column":0}},"9":{"start":{"line":10,"column":0},"end":{"line":10,"column":32}},"10":{"start":{"line":11,"column":0},"end":{"line":11,"column":16}},"11":{"start":{"line":12,"column":0},"end":{"line":12,"column":39}},"12":{"start":{"line":13,"column":0},"end":{"line":13,"column":9}},"13":{"start":{"line":14,"column":0},"end":{"line":14,"column":0}},"14":{"start":{"line":15,"column":0},"end":{"line":15,"column":60}},"15":{"start":{"line":16,"column":0},"end":{"line":16,"column":63}},"16":{"start":{"line":17,"column":0},"end":{"line":17,"column":0}},"17":{"start":{"line":18,"column":0},"end":{"line":18,"column":21}},"18":{"start":{"line":19,"column":0},"end":{"line":19,"column":55}},"19":{"start":{"line":20,"column":0},"end":{"line":20,"column":9}},"20":{"start":{"line":21,"column":0},"end":{"line":21,"column":0}},"21":{"start":{"line":22,"column":0},"end":{"line":22,"column":20}},"22":{"start":{"line":23,"column":0},"end":{"line":23,"column":54}},"23":{"start":{"line":24,"column":0},"end":{"line":24,"column":9}},"24":{"start":{"line":25,"column":0},"end":{"line":25,"column":0}},"25":{"start":{"line":26,"column":0},"end":{"line":26,"column":43}},"26":{"start":{"line":27,"column":0},"end":{"line":27,"column":18}},"27":{"start":{"line":28,"column":0},"end":{"line":28,"column":17}},"28":{"start":{"line":29,"column":0},"end":{"line":29,"column":24}},"29":{"start":{"line":30,"column":0},"end":{"line":30,"column":21}},"30":{"start":{"line":31,"column":0},"end":{"line":31,"column":10}},"31":{"start":{"line":32,"column":0},"end":{"line":32,"column":5}},"32":{"start":{"line":33,"column":0},"end":{"line":33,"column":0}},"33":{"start":{"line":34,"column":0},"end":{"line":34,"column":39}},"34":{"start":{"line":35,"column":0},"end":{"line":35,"column":20}},"35":{"start":{"line":36,"column":0},"end":{"line":36,"column":55}},"36":{"start":{"line":37,"column":0},"end":{"line":37,"column":9}},"37":{"start":{"line":38,"column":0},"end":{"line":38,"column":0}},"38":{"start":{"line":39,"column":0},"end":{"line":39,"column":60}},"39":{"start":{"line":40,"column":0},"end":{"line":40,"column":0}},"40":{"start":{"line":41,"column":0},"end":{"line":41,"column":19}},"41":{"start":{"line":42,"column":0},"end":{"line":42,"column":5}},"42":{"start":{"line":43,"column":0},"end":{"line":43,"column":1}}},"s":{"0":1,"1":1,"2":1,"3":1,"4":1,"5":1,"6":1,"7":1,"8":1,"9":1,"10":1,"11":1,"12":1,"13":1,"14":1,"15":3,"16":3,"17":3,"18":1,"19":1,"20":2,"21":3,"22":1,"23":1,"24":1,"25":1,"26":1,"27":1,"28":1,"29":1,"30":1,"31":1,"32":1,"33":1,"34":2,"35":1,"36":1,"37":1,"38":1,"39":1,"40":1,"41":1,"42":1},"branchMap":{"0":{"type":"branch","line":15,"loc":{"start":{"line":15,"column":4},"end":{"line":32,"column":5}},"locations":[{"start":{"line":15,"column":4},"end":{"line":32,"column":5}}]},"1":{"type":"branch","line":18,"loc":{"start":{"line":18,"column":20},"end":{"line":20,"column":9}},"locations":[{"start":{"line":18,"column":20},"end":{"line":20,"column":9}}]},"2":{"type":"branch","line":21,"loc":{"start":{"line":21,"column":-2},"end":{"line":22,"column":19}},"locations":[{"start":{"line":21,"column":-2},"end":{"line":22,"column":19}}]},"3":{"type":"branch","line":22,"loc":{"start":{"line":22,"column":19},"end":{"line":32,"column":5}},"locations":[{"start":{"line":22,"column":19},"end":{"line":32,"column":5}}]},"4":{"type":"branch","line":34,"loc":{"start":{"line":34,"column":4},"end":{"line":42,"column":5}},"locations":[{"start":{"line":34,"column":4},"end":{"line":42,"column":5}}]},"5":{"type":"branch","line":35,"loc":{"start":{"line":35,"column":19},"end":{"line":42,"column":5}},"locations":[{"start":{"line":35,"column":19},"end":{"line":42,"column":5}}]},"6":{"type":"branch","line":11,"loc":{"start":{"line":11,"column":4},"end":{"line":13,"column":9}},"locations":[{"start":{"line":11,"column":4},"end":{"line":13,"column":9}}]}},"b":{"0":[3],"1":[1],"2":[2],"3":[1],"4":[2],"5":[1],"6":[1]},"fnMap":{"0":{"name":"executeCreate","decl":{"start":{"line":15,"column":4},"end":{"line":32,"column":5}},"loc":{"start":{"line":15,"column":4},"end":{"line":32,"column":5}},"line":15},"1":{"name":"executeLogin","decl":{"start":{"line":34,"column":4},"end":{"line":42,"column":5}},"loc":{"start":{"line":34,"column":4},"end":{"line":42,"column":5}},"line":34},"2":{"name":"SubmitUserService","decl":{"start":{"line":11,"column":4},"end":{"line":13,"column":9}},"loc":{"start":{"line":11,"column":4},"end":{"line":13,"column":9}},"line":11}},"f":{"0":3,"1":2,"2":1}}
}
