TN:
SF:src\services\feedback\submit-feedback-service.ts
FN:15,execute
FN:10,SubmitFeedbackService
FNF:2
FNH:2
FNDA:4,execute
FNDA:1,SubmitFeedbackService
DA:1,1
DA:2,1
DA:3,1
DA:4,1
DA:5,1
DA:6,1
DA:7,1
DA:8,1
DA:9,1
DA:10,1
DA:11,1
DA:12,1
DA:13,1
DA:14,1
DA:15,1
DA:16,4
DA:17,4
DA:18,4
DA:19,1
DA:20,1
DA:21,3
DA:22,4
DA:23,1
DA:24,1
DA:25,2
DA:26,4
DA:27,1
DA:28,1
DA:29,1
DA:30,1
DA:31,1
DA:32,1
DA:33,1
DA:34,1
DA:35,1
DA:36,1
DA:37,1
DA:38,1
DA:39,1
DA:40,1
DA:41,1
DA:42,1
DA:43,1
DA:44,1
DA:45,1
DA:46,1
LF:46
LH:46
BRDA:15,0,0,4
BRDA:18,1,0,1
BRDA:21,2,0,3
BRDA:22,3,0,1
BRDA:25,4,0,2
BRDA:26,5,0,1
BRDA:10,6,0,1
BRF:7
BRH:7
end_of_record
TN:
SF:src\services\note\submit-note-service.ts
FN:14,executeCreate
FN:38,executeGet
FN:50,executeDelete
FN:10,SubmitNoteService
FNF:4
FNH:4
FNDA:5,executeCreate
FNDA:3,executeGet
FNDA:2,executeDelete
FNDA:1,SubmitNoteService
DA:1,1
DA:2,1
DA:3,1
DA:4,1
DA:5,1
DA:6,1
DA:7,1
DA:8,1
DA:9,1
DA:10,1
DA:11,1
DA:12,1
DA:13,1
DA:14,1
DA:15,5
DA:16,5
DA:17,5
DA:18,1
DA:19,1
DA:20,5
DA:21,1
DA:22,1
DA:23,5
DA:24,1
DA:25,1
DA:26,5
DA:27,1
DA:28,1
DA:29,1
DA:30,1
DA:31,1
DA:32,1
DA:33,1
DA:34,1
DA:35,1
DA:36,1
DA:37,1
DA:38,1
DA:39,3
DA:40,3
DA:41,3
DA:42,1
DA:43,1
DA:44,2
DA:45,2
DA:46,2
DA:47,2
DA:48,2
DA:49,1
DA:50,1
DA:51,2
DA:52,2
DA:53,2
DA:54,1
DA:55,1
DA:56,1
DA:57,1
DA:58,1
DA:59,1
LF:59
LH:59
BRDA:14,0,0,5
BRDA:17,1,0,1
BRDA:20,2,0,4
BRDA:20,3,0,1
BRDA:23,4,0,3
BRDA:23,5,0,1
BRDA:26,6,0,2
BRDA:26,7,0,1
BRDA:38,8,0,3
BRDA:41,9,0,1
BRDA:44,10,0,2
BRDA:50,11,0,2
BRDA:53,12,0,1
BRDA:10,13,0,1
BRF:14
BRH:14
end_of_record
TN:
SF:src\services\page\submit-page-service.ts
FN:13,executeCreate
FN:33,executeGet
FN:43,executeUpdate
FN:66,executeDelete
FN:9,SubmitPageService
FNF:5
FNH:5
FNDA:4,executeCreate
FNDA:3,executeGet
FNDA:5,executeUpdate
FNDA:3,executeDelete
FNDA:1,SubmitPageService
DA:1,1
DA:2,1
DA:3,1
DA:4,1
DA:5,1
DA:6,1
DA:7,1
DA:8,1
DA:9,1
DA:10,1
DA:11,1
DA:12,1
DA:13,1
DA:14,4
DA:15,4
DA:16,4
DA:17,1
DA:18,1
DA:19,4
DA:20,1
DA:21,1
DA:22,4
DA:23,1
DA:24,1
DA:25,1
DA:26,1
DA:27,1
DA:28,1
DA:29,1
DA:30,1
DA:31,1
DA:32,1
DA:33,1
DA:34,3
DA:35,1
DA:36,1
DA:37,2
DA:38,2
DA:39,2
DA:40,2
DA:41,2
DA:42,1
DA:43,1
DA:44,5
DA:45,5
DA:46,5
DA:47,1
DA:48,1
DA:49,5
DA:50,1
DA:51,1
DA:52,5
DA:53,1
DA:54,1
DA:55,5
DA:56,1
DA:57,1
DA:58,1
DA:59,1
DA:60,1
DA:61,1
DA:62,1
DA:63,1
DA:64,1
DA:65,1
DA:66,1
DA:67,3
DA:68,3
DA:69,1
DA:70,1
DA:71,2
DA:72,2
DA:73,2
DA:74,1
LF:74
LH:74
BRDA:13,0,0,4
BRDA:16,1,0,1
BRDA:19,2,0,3
BRDA:19,3,0,1
BRDA:22,4,0,2
BRDA:22,5,0,1
BRDA:33,6,0,3
BRDA:34,7,0,1
BRDA:37,8,0,2
BRDA:43,9,0,5
BRDA:46,10,0,1
BRDA:49,11,0,4
BRDA:49,12,0,1
BRDA:52,13,0,3
BRDA:52,14,0,1
BRDA:55,15,0,2
BRDA:55,16,0,1
BRDA:66,17,0,3
BRDA:68,18,0,1
BRDA:71,19,0,2
BRDA:9,20,0,1
BRF:21
BRH:21
end_of_record
TN:
SF:src\services\user\submit-user-service.ts
FN:15,executeCreate
FN:34,executeLogin
FN:11,SubmitUserService
FNF:3
FNH:3
FNDA:3,executeCreate
FNDA:3,executeLogin
FNDA:1,SubmitUserService
DA:1,1
DA:2,1
DA:3,1
DA:4,1
DA:5,1
DA:6,1
DA:7,1
DA:8,1
DA:9,1
DA:10,1
DA:11,1
DA:12,1
DA:13,1
DA:14,1
DA:15,1
DA:16,3
DA:17,3
DA:18,3
DA:19,1
DA:20,1
DA:21,2
DA:22,3
DA:23,1
DA:24,1
DA:25,1
DA:26,1
DA:27,1
DA:28,1
DA:29,1
DA:30,1
DA:31,1
DA:32,1
DA:33,1
DA:34,1
DA:35,3
DA:36,1
DA:37,1
DA:38,2
DA:39,2
DA:40,2
DA:41,2
DA:42,2
DA:43,1
LF:43
LH:43
BRDA:15,0,0,3
BRDA:18,1,0,1
BRDA:21,2,0,2
BRDA:22,3,0,1
BRDA:34,4,0,3
BRDA:35,5,0,1
BRDA:38,6,0,2
BRDA:11,7,0,1
BRF:8
BRH:8
end_of_record
