TN:
SF:src\services\feedback\submit-feedback-service.ts
FN:15,execute
FN:10,SubmitFeedbackService
FNF:2
FNH:2
FNDA:4,execute
FNDA:1,SubmitFeedbackService
DA:1,1
DA:2,1
DA:3,1
DA:4,1
DA:5,1
DA:6,1
DA:7,1
DA:8,1
DA:9,1
DA:10,1
DA:11,1
DA:12,1
DA:13,1
DA:14,1
DA:15,1
DA:16,4
DA:17,4
DA:18,4
DA:19,1
DA:20,1
DA:21,3
DA:22,4
DA:23,1
DA:24,1
DA:25,2
DA:26,4
DA:27,1
DA:28,1
DA:29,1
DA:30,1
DA:31,1
DA:32,1
DA:33,1
DA:34,1
DA:35,1
DA:36,1
DA:37,1
DA:38,1
DA:39,1
DA:40,1
DA:41,1
DA:42,1
DA:43,1
DA:44,1
DA:45,1
DA:46,1
LF:46
LH:46
BRDA:15,0,0,4
BRDA:18,1,0,1
BRDA:21,2,0,3
BRDA:22,3,0,1
BRDA:25,4,0,2
BRDA:26,5,0,1
BRDA:10,6,0,1
BRF:7
BRH:7
end_of_record
TN:
SF:src\services\note\submit-note-service.ts
FN:14,executeCreate
FN:10,SubmitNoteService
FNF:2
FNH:2
FNDA:5,executeCreate
FNDA:1,SubmitNoteService
DA:1,1
DA:2,1
DA:3,1
DA:4,1
DA:5,1
DA:6,1
DA:7,1
DA:8,1
DA:9,1
DA:10,1
DA:11,1
DA:12,1
DA:13,1
DA:14,1
DA:15,5
DA:16,5
DA:17,5
DA:18,1
DA:19,1
DA:20,5
DA:21,1
DA:22,1
DA:23,5
DA:24,1
DA:25,1
DA:26,5
DA:27,1
DA:28,1
DA:29,1
DA:30,1
DA:31,1
DA:32,1
DA:33,1
DA:34,1
DA:35,1
DA:36,1
DA:37,1
LF:37
LH:37
BRDA:14,0,0,5
BRDA:17,1,0,1
BRDA:20,2,0,4
BRDA:20,3,0,1
BRDA:23,4,0,3
BRDA:23,5,0,1
BRDA:26,6,0,2
BRDA:26,7,0,1
BRDA:10,8,0,1
BRF:9
BRH:9
end_of_record
TN:
SF:src\services\page\submit-page-service.ts
FN:13,executeCreate
FN:33,executeGet
FN:43,executeDelete
FN:9,SubmitPageService
FNF:4
FNH:4
FNDA:4,executeCreate
FNDA:2,executeGet
FNDA:2,executeDelete
FNDA:1,SubmitPageService
DA:1,1
DA:2,1
DA:3,1
DA:4,1
DA:5,1
DA:6,1
DA:7,1
DA:8,1
DA:9,1
DA:10,1
DA:11,1
DA:12,1
DA:13,1
DA:14,4
DA:15,4
DA:16,4
DA:17,1
DA:18,1
DA:19,4
DA:20,1
DA:21,1
DA:22,4
DA:23,1
DA:24,1
DA:25,1
DA:26,1
DA:27,1
DA:28,1
DA:29,1
DA:30,1
DA:31,1
DA:32,1
DA:33,1
DA:34,2
DA:35,1
DA:36,1
DA:37,1
DA:38,1
DA:39,1
DA:40,1
DA:41,1
DA:42,1
DA:43,1
DA:44,2
DA:45,2
DA:46,1
DA:47,1
DA:48,1
DA:49,1
DA:50,1
DA:51,1
LF:51
LH:51
BRDA:13,0,0,4
BRDA:16,1,0,1
BRDA:19,2,0,3
BRDA:19,3,0,1
BRDA:22,4,0,2
BRDA:22,5,0,1
BRDA:33,6,0,2
BRDA:34,7,0,1
BRDA:43,8,0,2
BRDA:45,9,0,1
BRDA:9,10,0,1
BRF:11
BRH:11
end_of_record
TN:
SF:src\services\user\submit-user-service.ts
FN:15,executeCreate
FN:34,executeLogin
FN:11,SubmitUserService
FNF:3
FNH:3
FNDA:3,executeCreate
FNDA:2,executeLogin
FNDA:1,SubmitUserService
DA:1,1
DA:2,1
DA:3,1
DA:4,1
DA:5,1
DA:6,1
DA:7,1
DA:8,1
DA:9,1
DA:10,1
DA:11,1
DA:12,1
DA:13,1
DA:14,1
DA:15,1
DA:16,3
DA:17,3
DA:18,3
DA:19,1
DA:20,1
DA:21,2
DA:22,3
DA:23,1
DA:24,1
DA:25,1
DA:26,1
DA:27,1
DA:28,1
DA:29,1
DA:30,1
DA:31,1
DA:32,1
DA:33,1
DA:34,1
DA:35,2
DA:36,1
DA:37,1
DA:38,1
DA:39,1
DA:40,1
DA:41,1
DA:42,1
DA:43,1
LF:43
LH:43
BRDA:15,0,0,3
BRDA:18,1,0,1
BRDA:21,2,0,2
BRDA:22,3,0,1
BRDA:34,4,0,2
BRDA:35,5,0,1
BRDA:11,6,0,1
BRF:7
BRH:7
end_of_record
